<?xml version="1.0" encoding="UTF-8"?>
<!-- Generated by org.testng.reporters.JUnitReportReporter -->
<testsuite hostname="LAPTOP-30AAOARD" failures="0" tests="3" name="testcases.AnnotationsDemo" time="0.087" errors="0" timestamp="2023-01-12T12:16:02 IST" skipped="0">
  <testcase classname="testcases.AnnotationsDemo" name="loginFacebook3" time="0.008"/>
  <system-out/>
  <testcase classname="testcases.AnnotationsDemo" name="loginFacebook2" time="0.007"/>
  <system-out/>
  <testcase classname="testcases.AnnotationsDemo" name="loginFacebook1" time="0.072"/>
  <system-out/>
</testsuite> <!-- testcases.AnnotationsDemo -->
