<?xml version="1.0" encoding="UTF-8"?>
<!-- Generated by org.testng.reporters.JUnitReportReporter -->
<testsuite hostname="LAPTOP-30AAOARD" failures="0" tests="2" name="testcases.TestClass" time="0.029" errors="0" timestamp="2023-01-11T23:20:48 IST" skipped="0">
  <testcase classname="testcases.TestClass" name="testcase2" time="0.006"/>
  <system-out/>
  <testcase classname="testcases.TestClass" name="testcase1" time="0.023"/>
  <system-out/>
</testsuite> <!-- testcases.TestClass -->
