<?xml version="1.0" encoding="UTF-8"?>
<!-- Generated by org.testng.reporters.JUnitReportReporter -->
<testsuite hostname="LAPTOP-30AAOARD" failures="0" tests="1" name="testcases.AttributesExamples" time="0.022" errors="0" timestamp="2023-01-12T21:33:01 IST" skipped="0">
  <testcase classname="testcases.AttributesExamples" name="m3" time="0.022"/>
  <system-out/>
</testsuite> <!-- testcases.AttributesExamples -->
